
*** Running vivado
    with args -log latcherfloat.vds -m64 -product Vivado -mode batch -messageDb vivado.pb -notrace -source latcherfloat.tcl


****** Vivado v2017.2 (64-bit)
  **** SW Build 1909853 on Thu Jun 15 18:39:10 MDT 2017
  **** IP Build 1909766 on Thu Jun 15 19:58:00 MDT 2017
    ** Copyright 1986-2017 Xilinx, Inc. All Rights Reserved.

source latcherfloat.tcl -notrace
Command: synth_design -top latcherfloat -part xc7z100ffv900-1 -no_iobuf -mode out_of_context
Starting synth_design
Attempting to get a license for feature 'Synthesis' and/or device 'xc7z100-ffv900'
INFO: [Common 17-349] Got license for feature 'Synthesis' and/or device 'xc7z100-ffv900'
INFO: Launching helper process for spawning children vivado processes
INFO: Helper process launched with PID 13372 
---------------------------------------------------------------------------------
Starting RTL Elaboration : Time (s): cpu = 00:00:06 ; elapsed = 00:00:06 . Memory (MB): peak = 1221.199 ; gain = 76.996 ; free physical = 2407 ; free virtual = 6946
---------------------------------------------------------------------------------
INFO: [Synth 8-638] synthesizing module 'latcherfloat' [/home/hildeb47/proj/ECE1373_GhostSynth/mods/latcherfloat/latcherfloat/solution1/impl/verilog/latcherfloat.v:12]
INFO: [Synth 8-638] synthesizing module 'Block_proc' [/home/hildeb47/proj/ECE1373_GhostSynth/mods/latcherfloat/latcherfloat/solution1/impl/verilog/Block_proc.v:10]
	Parameter ap_ST_fsm_state1 bound to: 1'b1 
INFO: [Synth 8-5534] Detected attribute (* fsm_encoding = "none" *) [/home/hildeb47/proj/ECE1373_GhostSynth/mods/latcherfloat/latcherfloat/solution1/impl/verilog/Block_proc.v:51]
WARNING: [Synth 8-6014] Unused sequential element in_V_TDATA_blk_n_reg was removed.  [/home/hildeb47/proj/ECE1373_GhostSynth/mods/latcherfloat/latcherfloat/solution1/impl/verilog/Block_proc.v:167]
WARNING: [Synth 8-6014] Unused sequential element out_V_TDATA_blk_n_reg was removed.  [/home/hildeb47/proj/ECE1373_GhostSynth/mods/latcherfloat/latcherfloat/solution1/impl/verilog/Block_proc.v:183]
WARNING: [Synth 8-6014] Unused sequential element ap_block_state1_reg was removed.  [/home/hildeb47/proj/ECE1373_GhostSynth/mods/latcherfloat/latcherfloat/solution1/impl/verilog/Block_proc.v:211]
INFO: [Synth 8-256] done synthesizing module 'Block_proc' (1#1) [/home/hildeb47/proj/ECE1373_GhostSynth/mods/latcherfloat/latcherfloat/solution1/impl/verilog/Block_proc.v:10]
INFO: [Synth 8-256] done synthesizing module 'latcherfloat' (2#1) [/home/hildeb47/proj/ECE1373_GhostSynth/mods/latcherfloat/latcherfloat/solution1/impl/verilog/latcherfloat.v:12]
---------------------------------------------------------------------------------
Finished RTL Elaboration : Time (s): cpu = 00:00:07 ; elapsed = 00:00:07 . Memory (MB): peak = 1261.699 ; gain = 117.496 ; free physical = 2418 ; free virtual = 6956
---------------------------------------------------------------------------------

Report Check Netlist: 
+------+------------------+-------+---------+-------+------------------+
|      |Item              |Errors |Warnings |Status |Description       |
+------+------------------+-------+---------+-------+------------------+
|1     |multi_driven_nets |      0|        0|Passed |Multi driven nets |
+------+------------------+-------+---------+-------+------------------+
---------------------------------------------------------------------------------
Finished RTL Optimization Phase 1 : Time (s): cpu = 00:00:07 ; elapsed = 00:00:07 . Memory (MB): peak = 1261.699 ; gain = 117.496 ; free physical = 2418 ; free virtual = 6957
---------------------------------------------------------------------------------
INFO: [Device 21-403] Loading part xc7z100ffv900-1
INFO: [Project 1-570] Preparing netlist for logic optimization

Processing XDC Constraints
Initializing timing engine
Parsing XDC File [/home/hildeb47/proj/ECE1373_GhostSynth/mods/latcherfloat/latcherfloat/solution1/impl/verilog/latcherfloat.xdc]
Finished Parsing XDC File [/home/hildeb47/proj/ECE1373_GhostSynth/mods/latcherfloat/latcherfloat/solution1/impl/verilog/latcherfloat.xdc]
Completed Processing XDC Constraints

INFO: [Project 1-111] Unisim Transformation Summary:
No Unisim elements were transformed.

Constraint Validation Runtime : Time (s): cpu = 00:00:00.03 ; elapsed = 00:00:00.03 . Memory (MB): peak = 1651.625 ; gain = 0.000 ; free physical = 2088 ; free virtual = 6627
---------------------------------------------------------------------------------
Finished Constraint Validation : Time (s): cpu = 00:00:23 ; elapsed = 00:00:34 . Memory (MB): peak = 1651.625 ; gain = 507.422 ; free physical = 2175 ; free virtual = 6714
---------------------------------------------------------------------------------
---------------------------------------------------------------------------------
Start Loading Part and Timing Information
---------------------------------------------------------------------------------
Loading part: xc7z100ffv900-1
---------------------------------------------------------------------------------
Finished Loading Part and Timing Information : Time (s): cpu = 00:00:23 ; elapsed = 00:00:34 . Memory (MB): peak = 1651.625 ; gain = 507.422 ; free physical = 2175 ; free virtual = 6714
---------------------------------------------------------------------------------
---------------------------------------------------------------------------------
Start Applying 'set_property' XDC Constraints
---------------------------------------------------------------------------------
---------------------------------------------------------------------------------
Finished applying 'set_property' XDC Constraints : Time (s): cpu = 00:00:23 ; elapsed = 00:00:34 . Memory (MB): peak = 1651.625 ; gain = 507.422 ; free physical = 2177 ; free virtual = 6715
---------------------------------------------------------------------------------
---------------------------------------------------------------------------------
Finished RTL Optimization Phase 2 : Time (s): cpu = 00:00:23 ; elapsed = 00:00:34 . Memory (MB): peak = 1651.625 ; gain = 507.422 ; free physical = 2167 ; free virtual = 6706
---------------------------------------------------------------------------------

Report RTL Partitions: 
+-+--------------+------------+----------+
| |RTL Partition |Replication |Instances |
+-+--------------+------------+----------+
+-+--------------+------------+----------+
---------------------------------------------------------------------------------
Start RTL Component Statistics 
---------------------------------------------------------------------------------
Detailed RTL Component Info : 
+---Registers : 
	               32 Bit    Registers := 1     
	                2 Bit    Registers := 1     
	                1 Bit    Registers := 3     
+---Muxes : 
	   3 Input      2 Bit        Muxes := 1     
	   2 Input      1 Bit        Muxes := 6     
---------------------------------------------------------------------------------
Finished RTL Component Statistics 
---------------------------------------------------------------------------------
---------------------------------------------------------------------------------
Start RTL Hierarchical Component Statistics 
---------------------------------------------------------------------------------
Hierarchical RTL Component report 
Module Block_proc 
Detailed RTL Component Info : 
+---Registers : 
	               32 Bit    Registers := 1     
	                2 Bit    Registers := 1     
	                1 Bit    Registers := 3     
+---Muxes : 
	   3 Input      2 Bit        Muxes := 1     
	   2 Input      1 Bit        Muxes := 6     
---------------------------------------------------------------------------------
Finished RTL Hierarchical Component Statistics
---------------------------------------------------------------------------------
---------------------------------------------------------------------------------
Start Part Resource Summary
---------------------------------------------------------------------------------
Part Resources:
DSPs: 2020 (col length:140)
BRAMs: 1510 (col length: RAMB18 140 RAMB36 70)
---------------------------------------------------------------------------------
Finished Part Resource Summary
---------------------------------------------------------------------------------
---------------------------------------------------------------------------------
Start Cross Boundary and Area Optimization
---------------------------------------------------------------------------------
INFO: [Synth 8-3333] propagating constant 1 across sequential element (\Block_proc_U0/ap_CS_fsm_reg[0] )
INFO: [Synth 8-3333] propagating constant 0 across sequential element (\Block_proc_U0/ap_done_reg_reg )
WARNING: [Synth 8-3332] Sequential element (Block_proc_U0/ap_done_reg_reg) is unused and will be removed from module latcherfloat.
WARNING: [Synth 8-3332] Sequential element (Block_proc_U0/ap_CS_fsm_reg[0]) is unused and will be removed from module latcherfloat.
---------------------------------------------------------------------------------
Finished Cross Boundary and Area Optimization : Time (s): cpu = 00:00:24 ; elapsed = 00:00:35 . Memory (MB): peak = 1651.625 ; gain = 507.422 ; free physical = 2158 ; free virtual = 6697
---------------------------------------------------------------------------------

Report RTL Partitions: 
+-+--------------+------------+----------+
| |RTL Partition |Replication |Instances |
+-+--------------+------------+----------+
+-+--------------+------------+----------+
---------------------------------------------------------------------------------
Start Applying XDC Timing Constraints
---------------------------------------------------------------------------------
---------------------------------------------------------------------------------
Finished Applying XDC Timing Constraints : Time (s): cpu = 00:00:32 ; elapsed = 00:00:44 . Memory (MB): peak = 1651.625 ; gain = 507.422 ; free physical = 2029 ; free virtual = 6568
---------------------------------------------------------------------------------
---------------------------------------------------------------------------------
Start Timing Optimization
---------------------------------------------------------------------------------
---------------------------------------------------------------------------------
Finished Timing Optimization : Time (s): cpu = 00:00:32 ; elapsed = 00:00:44 . Memory (MB): peak = 1651.625 ; gain = 507.422 ; free physical = 2028 ; free virtual = 6567
---------------------------------------------------------------------------------

Report RTL Partitions: 
+-+--------------+------------+----------+
| |RTL Partition |Replication |Instances |
+-+--------------+------------+----------+
+-+--------------+------------+----------+
---------------------------------------------------------------------------------
Start Technology Mapping
---------------------------------------------------------------------------------
---------------------------------------------------------------------------------
Finished Technology Mapping : Time (s): cpu = 00:00:32 ; elapsed = 00:00:44 . Memory (MB): peak = 1651.625 ; gain = 507.422 ; free physical = 2028 ; free virtual = 6567
---------------------------------------------------------------------------------

Report RTL Partitions: 
+-+--------------+------------+----------+
| |RTL Partition |Replication |Instances |
+-+--------------+------------+----------+
+-+--------------+------------+----------+
---------------------------------------------------------------------------------
Start IO Insertion
---------------------------------------------------------------------------------
---------------------------------------------------------------------------------
Start Flattening Before IO Insertion
---------------------------------------------------------------------------------
---------------------------------------------------------------------------------
Finished Flattening Before IO Insertion
---------------------------------------------------------------------------------
---------------------------------------------------------------------------------
Start Final Netlist Cleanup
---------------------------------------------------------------------------------
---------------------------------------------------------------------------------
Finished Final Netlist Cleanup
---------------------------------------------------------------------------------
---------------------------------------------------------------------------------
Finished IO Insertion : Time (s): cpu = 00:00:33 ; elapsed = 00:00:44 . Memory (MB): peak = 1651.625 ; gain = 507.422 ; free physical = 2028 ; free virtual = 6567
---------------------------------------------------------------------------------

Report Check Netlist: 
+------+------------------+-------+---------+-------+------------------+
|      |Item              |Errors |Warnings |Status |Description       |
+------+------------------+-------+---------+-------+------------------+
|1     |multi_driven_nets |      0|        0|Passed |Multi driven nets |
+------+------------------+-------+---------+-------+------------------+
---------------------------------------------------------------------------------
Start Renaming Generated Instances
---------------------------------------------------------------------------------
---------------------------------------------------------------------------------
Finished Renaming Generated Instances : Time (s): cpu = 00:00:33 ; elapsed = 00:00:44 . Memory (MB): peak = 1651.625 ; gain = 507.422 ; free physical = 2028 ; free virtual = 6567
---------------------------------------------------------------------------------

Report RTL Partitions: 
+-+--------------+------------+----------+
| |RTL Partition |Replication |Instances |
+-+--------------+------------+----------+
+-+--------------+------------+----------+
---------------------------------------------------------------------------------
Start Rebuilding User Hierarchy
---------------------------------------------------------------------------------
---------------------------------------------------------------------------------
Finished Rebuilding User Hierarchy : Time (s): cpu = 00:00:33 ; elapsed = 00:00:44 . Memory (MB): peak = 1651.625 ; gain = 507.422 ; free physical = 2028 ; free virtual = 6567
---------------------------------------------------------------------------------
---------------------------------------------------------------------------------
Start Renaming Generated Ports
---------------------------------------------------------------------------------
---------------------------------------------------------------------------------
Finished Renaming Generated Ports : Time (s): cpu = 00:00:33 ; elapsed = 00:00:44 . Memory (MB): peak = 1651.625 ; gain = 507.422 ; free physical = 2028 ; free virtual = 6567
---------------------------------------------------------------------------------
---------------------------------------------------------------------------------
Start Handling Custom Attributes
---------------------------------------------------------------------------------
---------------------------------------------------------------------------------
Finished Handling Custom Attributes : Time (s): cpu = 00:00:33 ; elapsed = 00:00:44 . Memory (MB): peak = 1651.625 ; gain = 507.422 ; free physical = 2028 ; free virtual = 6567
---------------------------------------------------------------------------------
---------------------------------------------------------------------------------
Start Renaming Generated Nets
---------------------------------------------------------------------------------
---------------------------------------------------------------------------------
Finished Renaming Generated Nets : Time (s): cpu = 00:00:33 ; elapsed = 00:00:44 . Memory (MB): peak = 1651.625 ; gain = 507.422 ; free physical = 2028 ; free virtual = 6567
---------------------------------------------------------------------------------
---------------------------------------------------------------------------------
Start Writing Synthesis Report
---------------------------------------------------------------------------------

Report BlackBoxes: 
+-+--------------+----------+
| |BlackBox name |Instances |
+-+--------------+----------+
+-+--------------+----------+

Report Cell Usage: 
+------+-----+------+
|      |Cell |Count |
+------+-----+------+
|1     |LUT3 |     1|
|2     |LUT4 |     3|
|3     |LUT5 |     1|
|4     |FDRE |    35|
+------+-----+------+

Report Instance Areas: 
+------+----------------+-----------+------+
|      |Instance        |Module     |Cells |
+------+----------------+-----------+------+
|1     |top             |           |    40|
|2     |  Block_proc_U0 |Block_proc |    40|
+------+----------------+-----------+------+
---------------------------------------------------------------------------------
Finished Writing Synthesis Report : Time (s): cpu = 00:00:33 ; elapsed = 00:00:44 . Memory (MB): peak = 1651.625 ; gain = 507.422 ; free physical = 2028 ; free virtual = 6567
---------------------------------------------------------------------------------
Synthesis finished with 0 errors, 0 critical warnings and 2 warnings.
Synthesis Optimization Runtime : Time (s): cpu = 00:00:23 ; elapsed = 00:00:24 . Memory (MB): peak = 1651.625 ; gain = 117.496 ; free physical = 2087 ; free virtual = 6626
Synthesis Optimization Complete : Time (s): cpu = 00:00:33 ; elapsed = 00:00:45 . Memory (MB): peak = 1651.633 ; gain = 507.422 ; free physical = 2087 ; free virtual = 6626
INFO: [Project 1-571] Translating synthesized netlist
INFO: [Project 1-570] Preparing netlist for logic optimization
INFO: [Opt 31-138] Pushed 0 inverter(s) to 0 load pin(s).
INFO: [Project 1-111] Unisim Transformation Summary:
No Unisim elements were transformed.

15 Infos, 5 Warnings, 0 Critical Warnings and 0 Errors encountered.
synth_design completed successfully
synth_design: Time (s): cpu = 00:00:35 ; elapsed = 00:00:47 . Memory (MB): peak = 1651.633 ; gain = 562.824 ; free physical = 2047 ; free virtual = 6586
INFO: [Common 17-1381] The checkpoint '/home/hildeb47/proj/ECE1373_GhostSynth/mods/latcherfloat/latcherfloat/solution1/impl/verilog/project.runs/synth_1/latcherfloat.dcp' has been generated.
report_utilization: Time (s): cpu = 00:00:00.11 ; elapsed = 00:00:00.15 . Memory (MB): peak = 1675.637 ; gain = 0.000 ; free physical = 2047 ; free virtual = 6586
INFO: [Common 17-206] Exiting Vivado at Wed Apr 24 19:10:49 2019...
