

================================================================
== Vivado HLS Report for 'Block_proc'
================================================================
* Date:           Wed Apr 24 19:07:39 2019

* Version:        2017.2 (Build 1909853 on Thu Jun 15 18:55:24 MDT 2017)
* Project:        latcherfloat
* Solution:       solution1
* Product family: zynq
* Target device:  xc7z100ffv900-1


================================================================
== Performance Estimates
================================================================
+ Timing (ns): 
    * Summary: 
    +--------+-------+----------+------------+
    |  Clock | Target| Estimated| Uncertainty|
    +--------+-------+----------+------------+
    |ap_clk  |  10.00|      3.10|        1.25|
    +--------+-------+----------+------------+

+ Latency (clock cycles): 
    * Summary: 
    +-----+-----+-----+-----+---------+
    |  Latency  |  Interval | Pipeline|
    | min | max | min | max |   Type  |
    +-----+-----+-----+-----+---------+
    |    0|    0|    0|    0|   none  |
    +-----+-----+-----+-----+---------+

    + Detail: 
        * Instance: 
        N/A

        * Loop: 
        N/A

============================================================
+ Verbose Summary: Synthesis Manager
============================================================
InlineROM: 1
ExposeGlobal: 0
============================================================
+ Verbose Summary: CDFG Model
============================================================
IsTopModel: 0
ResetActiveHigh: 1
IsCombinational: 2
IsDatapathOnly: 0
HasWiredReturn: 1
HasMFsm: 0
HasVarLatency: 0
IsPipeline: 0
IsRtlPipelined: 0
IsInstanceOverlapped: 0
IsDontTouch: 0
HasImplIP: 0
IsGatedGlobalClock: 0


============================================================
+ Verbose Summary: Schedule
============================================================
* Number of FSM states: 1
* Pipeline: 0
* Dataflow Pipeline: 0

* FSM state transitions: 
1 --> 
* FSM state operations: 

 <State 1>: 3.10ns
ST_1: StgValue_2 (6)  [1/1] 0.00ns
newFuncRoot:0  call void (...)* @_ssdm_op_SpecInterface(float* %in_V, [5 x i8]* @p_str, i32 1, i32 1, [5 x i8]* @p_str1, i32 0, i32 0, [1 x i8]* @p_str2, [1 x i8]* @p_str2, [1 x i8]* @p_str2, i32 0, i32 0, i32 0, i32 0, [1 x i8]* @p_str2, [1 x i8]* @p_str2)

ST_1: StgValue_3 (7)  [1/1] 0.00ns
newFuncRoot:1  call void (...)* @_ssdm_op_SpecInterface(float* %out_V, [5 x i8]* @p_str, i32 1, i32 1, [5 x i8]* @p_str1, i32 0, i32 0, [1 x i8]* @p_str2, [1 x i8]* @p_str2, [1 x i8]* @p_str2, i32 0, i32 0, i32 0, i32 0, [1 x i8]* @p_str2, [1 x i8]* @p_str2)

ST_1: latch_V_read (8)  [1/1] 0.00ns
newFuncRoot:2  %latch_V_read = call i1 @_ssdm_op_Read.ap_auto.i1(i1 %latch_V)

ST_1: state_load (9)  [1/1] 0.00ns  loc: latcherfloat.cpp:41
newFuncRoot:3  %state_load = load i2* @state, align 1

ST_1: StgValue_6 (10)  [1/1] 3.10ns  loc: latcherfloat.cpp:41
newFuncRoot:4  switch i2 %state_load, label %._crit_edge [
    i2 0, label %0
    i2 1, label %1
    i2 -2, label %2
  ]

ST_1: tmp_1 (12)  [1/1] 0.00ns  loc: latcherfloat.cpp:52
:0  %tmp_1 = call i1 @_ssdm_op_NbWriteReq.axis.floatP(float* %out_V, i32 1)

ST_1: StgValue_8 (13)  [1/1] 0.00ns  loc: latcherfloat.cpp:52
:1  br i1 %tmp_1, label %5, label %._crit_edge10

ST_1: tmp_3 (15)  [1/1] 0.00ns  loc: latcherfloat.cpp:53
:0  %tmp_3 = load float* @tmp, align 4

ST_1: StgValue_10 (16)  [1/1] 0.00ns  loc: latcherfloat.cpp:53
:1  call void @_ssdm_op_Write.axis.volatile.floatP(float* %out_V, float %tmp_3)

ST_1: StgValue_11 (17)  [1/1] 1.77ns  loc: latcherfloat.cpp:54
:2  store i2 0, i2* @state, align 1

ST_1: StgValue_12 (18)  [1/1] 0.00ns  loc: latcherfloat.cpp:55
:3  br label %._crit_edge10

ST_1: StgValue_13 (20)  [1/1] 0.00ns  loc: latcherfloat.cpp:56
._crit_edge10:0  br label %._crit_edge

ST_1: tmp_1_1 (22)  [1/1] 0.00ns  loc: latcherfloat.cpp:46
:0  %tmp_1_1 = call i1 @_ssdm_op_NbReadReq.axis.floatP(float* %in_V, i32 1)

ST_1: StgValue_15 (23)  [1/1] 0.00ns  loc: latcherfloat.cpp:46
:1  br i1 %tmp_1_1, label %4, label %._crit_edge9

ST_1: tmp_2 (25)  [1/1] 0.00ns  loc: latcherfloat.cpp:47
:0  %tmp_2 = call float @_ssdm_op_Read.axis.volatile.floatP(float* %in_V)

ST_1: StgValue_17 (26)  [1/1] 0.00ns  loc: latcherfloat.cpp:47
:1  store float %tmp_2, float* @tmp, align 4

ST_1: StgValue_18 (27)  [1/1] 1.77ns  loc: latcherfloat.cpp:48
:2  store i2 -2, i2* @state, align 1

ST_1: StgValue_19 (28)  [1/1] 0.00ns  loc: latcherfloat.cpp:49
:3  br label %._crit_edge9

ST_1: StgValue_20 (30)  [1/1] 0.00ns  loc: latcherfloat.cpp:50
._crit_edge9:0  br label %._crit_edge

ST_1: StgValue_21 (32)  [1/1] 0.00ns  loc: latcherfloat.cpp:43
:0  br i1 %latch_V_read, label %3, label %._crit_edge8

ST_1: StgValue_22 (34)  [1/1] 1.77ns  loc: latcherfloat.cpp:43
:0  store i2 1, i2* @state, align 1

ST_1: StgValue_23 (35)  [1/1] 0.00ns  loc: latcherfloat.cpp:43
:1  br label %._crit_edge8

ST_1: StgValue_24 (37)  [1/1] 0.00ns  loc: latcherfloat.cpp:44
._crit_edge8:0  br label %._crit_edge

ST_1: StgValue_25 (39)  [1/1] 0.00ns
._crit_edge:0  ret void



============================================================
+ Verbose Summary: Timing violations
============================================================
Target clock period: 10ns, clock uncertainty: 1.25ns.

 <State 1>: 3.1ns
The critical path consists of the following:
	'load' operation ('state_load', latcherfloat.cpp:41) on static variable 'state' [9]  (0 ns)


============================================================
+ Verbose Summary: Binding
============================================================
N/A
* FSMD analyzer results:
  - Output states:
 - Input state : 
  - Chain level:
	State 1


============================================================
+ Verbose Summary: Datapath Resource usage 
============================================================
N/A
